{"D:\\elx20\\Source\\Repos\\ReactCore\\src\\frontend\\src\\hooks\\useAuth.ts": {"path":"D:\\elx20\\Source\\Repos\\ReactCore\\src\\frontend\\src\\hooks\\useAuth.ts","statementMap":{"0":{"start":{"line":5,"column":8},"end":{"line":5,"column":41}},"1":{"start":{"line":7,"column":4},"end":{"line":7,"column":null}},"2":{"start":{"line":9,"column":2},"end":{"line":9,"column":null}}},"fnMap":{},"branchMap":{},"s":{"0":4,"1":2,"2":1},"f":{},"b":{},"meta":{"lastBranch":0,"lastFunction":0,"lastStatement":3,"seen":{"s:5:8:5:41":0,"s:7:4:7:Infinity":1,"s:9:2:9:Infinity":2}}}
,"D:\\elx20\\Source\\Repos\\ReactCore\\src\\frontend\\src\\routes\\ProtectedRoute.tsx": {"path":"D:\\elx20\\Source\\Repos\\ReactCore\\src\\frontend\\src\\routes\\ProtectedRoute.tsx","statementMap":{"0":{"start":{"line":10,"column":27},"end":{"line":10,"column":50}},"1":{"start":{"line":13,"column":4},"end":{"line":13,"column":null}},"2":{"start":{"line":17,"column":4},"end":{"line":17,"column":null}},"3":{"start":{"line":20,"column":2},"end":{"line":20,"column":null}}},"fnMap":{},"branchMap":{"0":{"loc":{"start":{"line":20,"column":9},"end":{"line":20,"column":null}},"type":"cond-expr","locations":[{"start":{"line":20,"column":20},"end":{"line":20,"column":35}},{"start":{"line":20,"column":38},"end":{"line":20,"column":null}}],"line":20}},"s":{"0":4,"1":1,"2":1,"3":2},"f":{},"b":{"0":[1,1]},"meta":{"lastBranch":1,"lastFunction":0,"lastStatement":4,"seen":{"s:10:27:10:50":0,"s:13:4:13:Infinity":1,"s:17:4:17:Infinity":2,"s:20:2:20:Infinity":3,"b:20:20:20:35:20:38:20:Infinity":0}}}
,"D:\\elx20\\Source\\Repos\\ReactCore\\src\\frontend\\src\\services\\api.ts": {"path":"D:\\elx20\\Source\\Repos\\ReactCore\\src\\frontend\\src\\services\\api.ts","statementMap":{"0":{"start":{"line":3,"column":33},"end":{"line":3,"column":null}},"1":{"start":{"line":4,"column":42},"end":{"line":4,"column":null}},"2":{"start":{"line":7,"column":2},"end":{"line":7,"column":null}},"3":{"start":{"line":11,"column":2},"end":{"line":11,"column":null}},"4":{"start":{"line":14,"column":12},"end":{"line":17,"column":2}},"5":{"start":{"line":19,"column":0},"end":{"line":27,"column":null}},"6":{"start":{"line":22,"column":6},"end":{"line":22,"column":null}},"7":{"start":{"line":24,"column":4},"end":{"line":24,"column":null}},"8":{"start":{"line":26,"column":13},"end":{"line":26,"column":34}},"9":{"start":{"line":29,"column":0},"end":{"line":61,"column":null}},"10":{"start":{"line":30,"column":16},"end":{"line":30,"column":null}},"11":{"start":{"line":32,"column":28},"end":{"line":32,"column":null}},"12":{"start":{"line":35,"column":6},"end":{"line":35,"column":null}},"13":{"start":{"line":36,"column":6},"end":{"line":36,"column":null}},"14":{"start":{"line":41,"column":6},"end":{"line":41,"column":null}},"15":{"start":{"line":45,"column":25},"end":{"line":45,"column":114}},"16":{"start":{"line":46,"column":31},"end":{"line":46,"column":null}},"17":{"start":{"line":48,"column":8},"end":{"line":48,"column":null}},"18":{"start":{"line":49,"column":8},"end":{"line":49,"column":null}},"19":{"start":{"line":51,"column":8},"end":{"line":51,"column":null}},"20":{"start":{"line":54,"column":8},"end":{"line":54,"column":null}},"21":{"start":{"line":55,"column":8},"end":{"line":55,"column":null}},"22":{"start":{"line":55,"column":28},"end":{"line":55,"column":null}},"23":{"start":{"line":56,"column":8},"end":{"line":56,"column":null}},"24":{"start":{"line":59,"column":4},"end":{"line":59,"column":null}}},"fnMap":{"0":{"name":"(anonymous_0)","decl":{"start":{"line":19,"column":25},"end":{"line":19,"column":null}},"loc":{"start":{"line":20,"column":14},"end":{"line":26,"column":13}},"line":20},"1":{"name":"(anonymous_1)","decl":{"start":{"line":26,"column":3},"end":{"line":26,"column":13}},"loc":{"start":{"line":26,"column":13},"end":{"line":26,"column":34}},"line":26},"2":{"name":"(anonymous_2)","decl":{"start":{"line":29,"column":26},"end":{"line":29,"column":null}},"loc":{"start":{"line":30,"column":16},"end":{"line":30,"column":null}},"line":30},"3":{"name":"(anonymous_3)","decl":{"start":{"line":31,"column":2},"end":{"line":31,"column":9}},"loc":{"start":{"line":31,"column":19},"end":{"line":61,"column":null}},"line":31}},"branchMap":{"0":{"loc":{"start":{"line":40,"column":8},"end":{"line":40,"column":67}},"type":"binary-expr","locations":[{"start":{"line":40,"column":8},"end":{"line":40,"column":42}},{"start":{"line":40,"column":42},"end":{"line":40,"column":67}}],"line":40},"1":{"loc":{"start":{"line":55,"column":8},"end":{"line":55,"column":null}},"type":"if","locations":[{"start":{"line":55,"column":8},"end":{"line":55,"column":null}},{"start":{},"end":{}}],"line":55}},"s":{"0":4,"1":4,"2":2,"3":1,"4":4,"5":4,"6":1,"7":2,"8":0,"9":4,"10":0,"11":0,"12":0,"13":0,"14":0,"15":0,"16":0,"17":0,"18":0,"19":0,"20":0,"21":0,"22":0,"23":0,"24":0},"f":{"0":2,"1":0,"2":0,"3":0},"b":{"0":[0,0],"1":[0,0]},"meta":{"lastBranch":2,"lastFunction":4,"lastStatement":25,"seen":{"s:3:33:3:Infinity":0,"s:4:42:4:Infinity":1,"s:7:2:7:Infinity":2,"s:11:2:11:Infinity":3,"s:14:12:17:2":4,"s:19:0:27:Infinity":5,"f:19:25:19:Infinity":0,"s:22:6:22:Infinity":6,"s:24:4:24:Infinity":7,"f:26:3:26:13":1,"s:26:13:26:34":8,"s:29:0:61:Infinity":9,"f:29:26:29:Infinity":2,"s:30:16:30:Infinity":10,"f:31:2:31:9":3,"s:32:28:32:Infinity":11,"s:35:6:35:Infinity":12,"s:36:6:36:Infinity":13,"b:40:8:40:42:40:42:40:67":0,"s:41:6:41:Infinity":14,"s:45:25:45:114":15,"s:46:31:46:Infinity":16,"s:48:8:48:Infinity":17,"s:49:8:49:Infinity":18,"s:51:8:51:Infinity":19,"s:54:8:54:Infinity":20,"b:55:8:55:Infinity:undefined:undefined:undefined:undefined":1,"s:55:8:55:Infinity":21,"s:55:28:55:Infinity":22,"s:56:8:56:Infinity":23,"s:59:4:59:Infinity":24}}}
,"D:\\elx20\\Source\\Repos\\ReactCore\\src\\frontend\\src\\state\\AuthContext.tsx": {"path":"D:\\elx20\\Source\\Repos\\ReactCore\\src\\frontend\\src\\state\\AuthContext.tsx","statementMap":{"0":{"start":{"line":20,"column":13},"end":{"line":20,"column":80}},"1":{"start":{"line":23,"column":15},"end":{"line":23,"column":53}},"2":{"start":{"line":24,"column":22},"end":{"line":24,"column":69}},"3":{"start":{"line":25,"column":20},"end":{"line":25,"column":59}},"4":{"start":{"line":26,"column":16},"end":{"line":26,"column":57}},"5":{"start":{"line":27,"column":8},"end":{"line":27,"column":61}},"6":{"start":{"line":31,"column":6},"end":{"line":31,"column":null}},"7":{"start":{"line":32,"column":6},"end":{"line":32,"column":null}},"8":{"start":{"line":36,"column":8},"end":{"line":46,"column":8}},"9":{"start":{"line":37,"column":4},"end":{"line":39,"column":null}},"10":{"start":{"line":38,"column":6},"end":{"line":38,"column":null}},"11":{"start":{"line":42,"column":4},"end":{"line":42,"column":null}},"12":{"start":{"line":43,"column":4},"end":{"line":43,"column":null}},"13":{"start":{"line":44,"column":4},"end":{"line":44,"column":null}},"14":{"start":{"line":45,"column":4},"end":{"line":45,"column":null}},"15":{"start":{"line":48,"column":2},"end":{"line":50,"column":null}},"16":{"start":{"line":49,"column":4},"end":{"line":49,"column":null}},"17":{"start":{"line":52,"column":8},"end":{"line":61,"column":14}},"18":{"start":{"line":54,"column":23},"end":{"line":54,"column":54}},"19":{"start":{"line":55,"column":46},"end":{"line":55,"column":null}},"20":{"start":{"line":56,"column":6},"end":{"line":56,"column":null}},"21":{"start":{"line":58,"column":6},"end":{"line":58,"column":null}},"22":{"start":{"line":59,"column":6},"end":{"line":59,"column":null}},"23":{"start":{"line":63,"column":2},"end":{"line":89,"column":null}},"24":{"start":{"line":65,"column":6},"end":{"line":65,"column":null}},"25":{"start":{"line":66,"column":6},"end":{"line":66,"column":null}},"26":{"start":{"line":69,"column":4},"end":{"line":69,"column":null}},"27":{"start":{"line":71,"column":12},"end":{"line":71,"column":49}},"28":{"start":{"line":72,"column":6},"end":{"line":76,"column":null}},"29":{"start":{"line":78,"column":18},"end":{"line":78,"column":null}},"30":{"start":{"line":79,"column":18},"end":{"line":79,"column":28}},"31":{"start":{"line":80,"column":30},"end":{"line":80,"column":null}},"32":{"start":{"line":81,"column":26},"end":{"line":81,"column":63}},"33":{"start":{"line":83,"column":6},"end":{"line":83,"column":null}},"34":{"start":{"line":84,"column":6},"end":{"line":84,"column":null}},"35":{"start":{"line":86,"column":6},"end":{"line":86,"column":null}},"36":{"start":{"line":87,"column":6},"end":{"line":87,"column":null}},"37":{"start":{"line":92,"column":4},"end":{"line":92,"column":null}},"38":{"start":{"line":93,"column":4},"end":{"line":93,"column":null}},"39":{"start":{"line":95,"column":23},"end":{"line":95,"column":73}},"40":{"start":{"line":96,"column":46},"end":{"line":96,"column":null}},"41":{"start":{"line":97,"column":6},"end":{"line":97,"column":null}},"42":{"start":{"line":99,"column":22},"end":{"line":99,"column":null}},"43":{"start":{"line":100,"column":6},"end":{"line":100,"column":null}},"44":{"start":{"line":101,"column":6},"end":{"line":101,"column":null}},"45":{"start":{"line":103,"column":6},"end":{"line":103,"column":null}},"46":{"start":{"line":108,"column":2},"end":{"line":123,"column":null}},"47":{"start":{"line":111,"column":8},"end":{"line":111,"column":null}},"48":{"start":{"line":115,"column":8},"end":{"line":115,"column":null}},"49":{"start":{"line":118,"column":4},"end":{"line":118,"column":null}},"50":{"start":{"line":121,"column":6},"end":{"line":121,"column":null}},"51":{"start":{"line":125,"column":2},"end":{"line":128,"column":null}}},"fnMap":{"0":{"name":"(anonymous_0)","decl":{"start":{"line":36,"column":29},"end":{"line":36,"column":41}},"loc":{"start":{"line":36,"column":41},"end":{"line":46,"column":7}},"line":36},"1":{"name":"(anonymous_1)","decl":{"start":{"line":48,"column":2},"end":{"line":48,"column":18}},"loc":{"start":{"line":48,"column":18},"end":{"line":50,"column":6}},"line":48},"2":{"name":"(anonymous_2)","decl":{"start":{"line":52,"column":36},"end":{"line":52,"column":48}},"loc":{"start":{"line":52,"column":48},"end":{"line":61,"column":6}},"line":52},"3":{"name":"(anonymous_3)","decl":{"start":{"line":63,"column":2},"end":{"line":63,"column":18}},"loc":{"start":{"line":63,"column":18},"end":{"line":89,"column":6}},"line":63},"4":{"name":"(anonymous_4)","decl":{"start":{"line":108,"column":2},"end":{"line":108,"column":18}},"loc":{"start":{"line":108,"column":18},"end":{"line":123,"column":6}},"line":108}},"branchMap":{"0":{"loc":{"start":{"line":73,"column":15},"end":{"line":73,"column":null}},"type":"binary-expr","locations":[{"start":{"line":73,"column":15},"end":{"line":73,"column":32}},{"start":{"line":73,"column":32},"end":{"line":73,"column":null}}],"line":73},"1":{"loc":{"start":{"line":74,"column":12},"end":{"line":74,"column":null}},"type":"binary-expr","locations":[{"start":{"line":74,"column":12},"end":{"line":74,"column":27}},{"start":{"line":74,"column":27},"end":{"line":74,"column":null}}],"line":74},"2":{"loc":{"start":{"line":75,"column":14},"end":{"line":75,"column":null}},"type":"binary-expr","locations":[{"start":{"line":75,"column":14},"end":{"line":75,"column":30}},{"start":{"line":75,"column":30},"end":{"line":75,"column":null}}],"line":75},"3":{"loc":{"start":{"line":99,"column":22},"end":{"line":99,"column":null}},"type":"binary-expr","locations":[{"start":{"line":99,"column":22},"end":{"line":99,"column":53}},{"start":{"line":99,"column":53},"end":{"line":99,"column":68}},{"start":{"line":99,"column":68},"end":{"line":99,"column":null}}],"line":99}},"s":{"0":3,"1":14,"2":14,"3":14,"4":14,"5":14,"6":1,"7":1,"8":14,"9":5,"10":5,"11":5,"12":5,"13":5,"14":5,"15":14,"16":4,"17":14,"18":4,"19":1,"20":1,"21":3,"22":3,"23":14,"24":5,"25":5,"26":2,"27":2,"28":2,"29":7,"30":7,"31":7,"32":7,"33":7,"34":7,"35":1,"36":1,"37":2,"38":2,"39":2,"40":1,"41":1,"42":1,"43":1,"44":1,"45":2,"46":14,"47":4,"48":4,"49":4,"50":4,"51":14},"f":{"0":5,"1":4,"2":4,"3":7,"4":4},"b":{"0":[2,0],"1":[7,0],"2":[7,0],"3":[1,0,0]},"meta":{"lastBranch":4,"lastFunction":5,"lastStatement":52,"seen":{"s:20:13:20:80":0,"s:23:15:23:53":1,"s:24:22:24:69":2,"s:25:20:25:59":3,"s:26:16:26:57":4,"s:27:8:27:61":5,"s:31:6:31:Infinity":6,"s:32:6:32:Infinity":7,"s:36:8:46:8":8,"f:36:29:36:41":0,"s:37:4:39:Infinity":9,"s:38:6:38:Infinity":10,"s:42:4:42:Infinity":11,"s:43:4:43:Infinity":12,"s:44:4:44:Infinity":13,"s:45:4:45:Infinity":14,"s:48:2:50:Infinity":15,"f:48:2:48:18":1,"s:49:4:49:Infinity":16,"s:52:8:61:14":17,"f:52:36:52:48":2,"s:54:23:54:54":18,"s:55:46:55:Infinity":19,"s:56:6:56:Infinity":20,"s:58:6:58:Infinity":21,"s:59:6:59:Infinity":22,"s:63:2:89:Infinity":23,"f:63:2:63:18":3,"s:65:6:65:Infinity":24,"s:66:6:66:Infinity":25,"s:69:4:69:Infinity":26,"s:71:12:71:49":27,"s:72:6:76:Infinity":28,"b:73:15:73:32:73:32:73:Infinity":0,"b:74:12:74:27:74:27:74:Infinity":1,"b:75:14:75:30:75:30:75:Infinity":2,"s:78:18:78:Infinity":29,"s:79:18:79:28":30,"s:80:30:80:Infinity":31,"s:81:26:81:63":32,"s:83:6:83:Infinity":33,"s:84:6:84:Infinity":34,"s:86:6:86:Infinity":35,"s:87:6:87:Infinity":36,"s:92:4:92:Infinity":37,"s:93:4:93:Infinity":38,"s:95:23:95:73":39,"s:96:46:96:Infinity":40,"s:97:6:97:Infinity":41,"s:99:22:99:Infinity":42,"b:99:22:99:53:99:53:99:68:99:68:99:Infinity":3,"s:100:6:100:Infinity":43,"s:101:6:101:Infinity":44,"s:103:6:103:Infinity":45,"s:108:2:123:Infinity":46,"f:108:2:108:18":4,"s:111:8:111:Infinity":47,"s:115:8:115:Infinity":48,"s:118:4:118:Infinity":49,"s:121:6:121:Infinity":50,"s:125:2:128:Infinity":51}}}
}
